<?xml version="1.0" encoding="UTF-8"?>
<testng-results ignored="0" total="2" passed="2" failed="0" skipped="0">
  <reporter-output>
  </reporter-output>
  <suite started-at="2024-01-29T18:15:21 IST" name="Suite" finished-at="2024-01-29T18:16:26 IST" duration-ms="65513">
    <groups>
    </groups>
    <test started-at="2024-01-29T18:15:21 IST" name="Valid Login User" finished-at="2024-01-29T18:15:50 IST" duration-ms="29470">
      <class name="Selenium.Java.Test1">
        <test-method is-config="true" signature="setup()[pri:0, instance:Selenium.Java.Test1@6be968ce]" started-at="2024-01-29T18:15:21 IST" name="setup" finished-at="2024-01-29T18:15:41 IST" duration-ms="20168" status="PASS">
          <reporter-output>
          </reporter-output>
        </test-method> <!-- setup -->
        <test-method signature="user()[pri:0, instance:Selenium.Java.Test1@6be968ce]" started-at="2024-01-29T18:15:41 IST" name="user" finished-at="2024-01-29T18:15:50 IST" duration-ms="9252" status="PASS">
          <reporter-output>
          </reporter-output>
        </test-method> <!-- user -->
        <test-method is-config="true" signature="tearDown()[pri:0, instance:Selenium.Java.Test1@6be968ce]" started-at="2024-01-29T18:15:50 IST" name="tearDown" finished-at="2024-01-29T18:15:50 IST" duration-ms="1" status="PASS">
          <reporter-output>
          </reporter-output>
        </test-method> <!-- tearDown -->
      </class> <!-- Selenium.Java.Test1 -->
    </test> <!-- Valid Login User -->
    <test started-at="2024-01-29T18:15:50 IST" name="Invalid login user" finished-at="2024-01-29T18:16:26 IST" duration-ms="36011">
      <class name="Selenium.Java.Test2">
        <test-method is-config="true" signature="setup()[pri:0, instance:Selenium.Java.Test2@eadd4fb]" started-at="2024-01-29T18:15:50 IST" name="setup" finished-at="2024-01-29T18:16:09 IST" duration-ms="18875" status="PASS">
          <reporter-output>
          </reporter-output>
        </test-method> <!-- setup -->
        <test-method signature="user()[pri:0, instance:Selenium.Java.Test2@eadd4fb]" started-at="2024-01-29T18:16:09 IST" name="user" finished-at="2024-01-29T18:16:26 IST" duration-ms="17132" status="PASS">
          <reporter-output>
          </reporter-output>
        </test-method> <!-- user -->
        <test-method is-config="true" signature="tearDown()[pri:0, instance:Selenium.Java.Test2@eadd4fb]" started-at="2024-01-29T18:16:26 IST" name="tearDown" finished-at="2024-01-29T18:16:26 IST" duration-ms="0" status="PASS">
          <reporter-output>
          </reporter-output>
        </test-method> <!-- tearDown -->
      </class> <!-- Selenium.Java.Test2 -->
    </test> <!-- Invalid login user -->
  </suite> <!-- Suite -->
</testng-results>
