<?xml version="1.0" encoding="UTF-8"?>
<testng-results ignored="0" total="2" passed="2" failed="0" skipped="0">
  <reporter-output>
  </reporter-output>
  <suite started-at="2024-01-28T21:24:01 IST" name="Suite" finished-at="2024-01-28T21:24:53 IST" duration-ms="52380">
    <groups>
    </groups>
    <test started-at="2024-01-28T21:24:01 IST" name="Valid Login User" finished-at="2024-01-28T21:24:32 IST" duration-ms="31640">
      <class name="Selenium.Java.Test1">
        <test-method is-config="true" signature="setup()[pri:0, instance:Selenium.Java.Test1@24ba9639]" started-at="2024-01-28T21:24:01 IST" name="setup" finished-at="2024-01-28T21:24:20 IST" duration-ms="19451" status="PASS">
          <reporter-output>
          </reporter-output>
        </test-method> <!-- setup -->
        <test-method signature="user()[pri:0, instance:Selenium.Java.Test1@24ba9639]" started-at="2024-01-28T21:24:20 IST" name="user" finished-at="2024-01-28T21:24:32 IST" duration-ms="12082" status="PASS">
          <reporter-output>
          </reporter-output>
        </test-method> <!-- user -->
        <test-method is-config="true" signature="tearDown()[pri:0, instance:Selenium.Java.Test1@24ba9639]" started-at="2024-01-28T21:24:32 IST" name="tearDown" finished-at="2024-01-28T21:24:32 IST" duration-ms="0" status="PASS">
          <reporter-output>
          </reporter-output>
        </test-method> <!-- tearDown -->
      </class> <!-- Selenium.Java.Test1 -->
    </test> <!-- Valid Login User -->
    <test started-at="2024-01-28T21:24:32 IST" name="Invalid login user" finished-at="2024-01-28T21:24:53 IST" duration-ms="20672">
      <class name="Selenium.Java.Test2">
        <test-method is-config="true" signature="setup()[pri:0, instance:Selenium.Java.Test2@19835e64]" started-at="2024-01-28T21:24:32 IST" name="setup" finished-at="2024-01-28T21:24:48 IST" duration-ms="15354" status="PASS">
          <reporter-output>
          </reporter-output>
        </test-method> <!-- setup -->
        <test-method signature="user()[pri:0, instance:Selenium.Java.Test2@19835e64]" started-at="2024-01-28T21:24:48 IST" name="user" finished-at="2024-01-28T21:24:53 IST" duration-ms="5313" status="PASS">
          <reporter-output>
          </reporter-output>
        </test-method> <!-- user -->
        <test-method is-config="true" signature="tearDown()[pri:0, instance:Selenium.Java.Test2@19835e64]" started-at="2024-01-28T21:24:53 IST" name="tearDown" finished-at="2024-01-28T21:24:53 IST" duration-ms="0" status="PASS">
          <reporter-output>
          </reporter-output>
        </test-method> <!-- tearDown -->
      </class> <!-- Selenium.Java.Test2 -->
    </test> <!-- Invalid login user -->
  </suite> <!-- Suite -->
</testng-results>
